=== MUD-AI SESSION STARTED: 2026-06-21T15:43:58.596Z ===
[2026-06-21T15:43:58.596Z] [SUCCESS] рЯУД Logs вЖТ C:\Users\medatech.si\mud - Copy\logs\2026-06-21T15-43-58
[2026-06-21T15:43:58.597Z] [SUCCESS] рЯЪА MUD-AI v0.6.26-goals-support вАФ 4-Stage Thinking System + STRICT ReactвЖТThink + Goals + Dedicated Debug Log
[2026-06-21T15:43:58.604Z] [SUCCESS] Type !help or !connect вАФ Goals system active (Login/Creation stored as [GOAL])
[2026-06-21T15:44:01.722Z] [INFO] рЯЖХ Creation mode active вАФ temporary name: stoneWraith
[2026-06-21T15:44:02.249Z] [SUCCESS] рЯУ¶ Loaded 2 persistent memories
[2026-06-21T15:44:02.255Z] [SUCCESS] рЯФМ Connecting to achaea.com:23... (reading from .env)
[2026-06-21T15:44:02.260Z] [SUCCESS] вЬЕ Connected вАФ Strong imperative memory active from first THINK
[2026-06-21T15:44:02.364Z] [SUCCESS] вЬЕ Connected to achaea.com MUD
[2026-06-21T15:44:02.460Z] [INFO] рЯУ• MUD: пњљпњљпњљпњљпњљпњљпњљпњљпњљпњљVпњљпњљFпњљпњљRapture Runtime Environment v2.4.9.1 -- (c) 2026 -- Iron Realms Entertainment
[2026-06-21T15:44:02.466Z] [INFO] рЯУ• MUD: Multi-User License: 100-0000-000
[2026-06-21T15:44:02.470Z] [INFO] рЯУ• MUD: [0;37m           [34m******************************************[37m
[2026-06-21T15:44:02.475Z] [INFO] рЯУ• MUD:                  [32mAchaea, Dreams of Divine Lands[37m
[2026-06-21T15:44:02.480Z] [INFO] рЯУ• MUD:                  [36m"Your fate and fame shall be
[2026-06-21T15:44:02.486Z] [INFO] рЯУ• MUD:                an echo and a light unto eternity."
[2026-06-21T15:44:02.490Z] [INFO] рЯУ• MUD:            [34m******************************************[37m
[2026-06-21T15:44:02.495Z] [INFO] рЯУ• MUD:            Achaea's IP address is 50.31.100.8
[2026-06-21T15:44:02.497Z] [INFO] рЯУ• MUD:            For general questions e-mail support@achaea.com.
[2026-06-21T15:44:02.501Z] [INFO] рЯУ• MUD:            99 adventurers are currently in the realms.
[2026-06-21T15:44:02.506Z] [INFO] рЯУ• MUD:            [32m1.[37m Enter the game.
[2026-06-21T15:44:02.512Z] [INFO] рЯУ• MUD:            [32m2.[37m Create a new character.
[2026-06-21T15:44:02.516Z] [INFO] рЯУ• MUD:            [32m3.[37m Quit.
[2026-06-21T15:44:09.612Z] [SUCCESS] вЬЕ Sent: 2
[2026-06-21T15:44:09.708Z] [INFO] рЯУ• MUD: Enter an option or enter your character's name. пњљпњљпњљпњљ
[2026-06-21T15:44:09.712Z] [INFO] рЯУ• MUD: Please be aware that you must be 13 years of age or older to play Achaea.
[2026-06-21T15:44:09.715Z] [INFO] рЯУ• MUD: *** CHARACTER CREATION (Part 1 of 7): Name Selection ***
[2026-06-21T15:44:09.718Z] [INFO] рЯУ• MUD: Pick your name with care! This is a fantasy world. Names must sound like 
[2026-06-21T15:44:09.722Z] [INFO] рЯУ• MUD: fantasy names, not be taken from extremely famous characters in other places 
[2026-06-21T15:44:09.726Z] [INFO] рЯУ• MUD: (real world, books, movies, video games) and musn't be too silly. We reserve 
[2026-06-21T15:44:09.729Z] [INFO] рЯУ• MUD: the right to change any name we deem unfit.
[2026-06-21T15:44:17.104Z] [SUCCESS] вЬЕ Sent: 2
[2026-06-21T15:44:17.199Z] [INFO] рЯУ• MUD: What is the name you wish to use? > пњљпњљYour name must have between 3 and 12 letters.
[2026-06-21T15:44:17.203Z] [INFO] рЯУ• MUD: Please be aware that you must be 13 years of age or older to play Achaea.
[2026-06-21T15:44:17.206Z] [INFO] рЯУ• MUD: *** CHARACTER CREATION (Part 1 of 7): Name Selection ***
[2026-06-21T15:44:17.209Z] [INFO] рЯУ• MUD: Pick your name with care! This is a fantasy world. Names must sound like 
[2026-06-21T15:44:17.213Z] [INFO] рЯУ• MUD: fantasy names, not be taken from extremely famous characters in other places 
[2026-06-21T15:44:17.216Z] [INFO] рЯУ• MUD: (real world, books, movies, video games) and musn't be too silly. We reserve 
[2026-06-21T15:44:17.219Z] [INFO] рЯУ• MUD: the right to change any name we deem unfit.
[2026-06-21T15:44:29.300Z] [INFO] рЯФН Searching memories for 7 queries
[2026-06-21T15:44:36.506Z] [SUCCESS] вЬЕ Sent: MyCharacter
[2026-06-21T15:44:36.721Z] [INFO] рЯУ• MUD: What is the name you wish to use? > пњљпњљ
