=== MUD-AI SESSION STARTED: 2026-06-21T14:23:23.111Z ===
[2026-06-21T14:23:23.112Z] [SUCCESS] рЯУД Logs вЖТ C:\Users\medatech.si\mud - Copy\logs\2026-06-21T14-23-23
[2026-06-21T14:23:23.113Z] [SUCCESS] рЯЪА MUD-AI v0.6.21-buffer-fix вАФ 4-Stage Thinking System + STRICT ReactвЖТThink + RELIABLE memory hand-off + Cool Temp Name Creation + Login Failure Recovery
[2026-06-21T14:23:23.117Z] [SUCCESS] Type !help or !connect вАФ THINK now receives only REACT memories (buffer cleared after use)
[2026-06-21T14:23:42.084Z] [SUCCESS] рЯФР Login mode active for character: medatech.si
[2026-06-21T14:23:42.315Z] [SUCCESS] рЯУ¶ Loaded 30 persistent memories
[2026-06-21T14:23:42.320Z] [SUCCESS] рЯФМ Connecting to achaea.com:23... (reading from .env)
[2026-06-21T14:23:42.324Z] [SUCCESS] вЬЕ Connected вАФ Strong imperative memory active from first THINK
[2026-06-21T14:23:42.417Z] [SUCCESS] вЬЕ Connected to achaea.com MUD
[2026-06-21T14:23:42.506Z] [INFO] рЯУ• MUD: пњљпњљпњљпњљпњљпњљпњљпњљпњљпњљVпњљпњљFпњљпњљRapture Runtime Environment v2.4.9.1 -- (c) 2026 -- Iron Realms Entertainment
[2026-06-21T14:23:42.511Z] [INFO] рЯУ• MUD: Multi-User License: 100-0000-000
[2026-06-21T14:23:42.516Z] [INFO] рЯУ• MUD: [0;37m           [34m******************************************[37m
[2026-06-21T14:23:42.520Z] [INFO] рЯУ• MUD:                  [32mAchaea, Dreams of Divine Lands[37m
[2026-06-21T14:23:42.526Z] [INFO] рЯУ• MUD:                  [36m"Your fate and fame shall be
[2026-06-21T14:23:42.530Z] [INFO] рЯУ• MUD:                an echo and a light unto eternity."
[2026-06-21T14:23:42.536Z] [INFO] рЯУ• MUD:            [34m******************************************[37m
[2026-06-21T14:23:42.540Z] [INFO] рЯУ• MUD:            Achaea's IP address is 50.31.100.8
[2026-06-21T14:23:42.544Z] [INFO] рЯУ• MUD:            For general questions e-mail support@achaea.com.
[2026-06-21T14:23:42.549Z] [INFO] рЯУ• MUD:            79 adventurers are currently in the realms.
[2026-06-21T14:23:42.553Z] [INFO] рЯУ• MUD:            [32m1.[37m Enter the game.
[2026-06-21T14:23:42.559Z] [INFO] рЯУ• MUD:            [32m2.[37m Create a new character.
[2026-06-21T14:23:42.564Z] [INFO] рЯУ• MUD:            [32m3.[37m Quit.
[2026-06-21T14:23:54.578Z] [INFO] рЯФН Searching memories for 7 queries
[2026-06-21T14:23:58.927Z] [SUCCESS] вЬЕ Sent: create
[2026-06-21T14:23:59.015Z] [INFO] рЯУ• MUD: Enter an option or enter your character's name. пњљпњљпњљпњљWhat is your password?
[2026-06-21T14:24:02.342Z] [ERROR] React error:
[2026-06-21T14:24:12.238Z] [INFO] рЯФН Searching memories for 7 queries
[2026-06-21T14:24:16.784Z] [SUCCESS] вЬЕ Sent: new
[2026-06-21T14:24:16.872Z] [INFO] рЯУ• MUD: > пњљпњљпњљпњљPassword incorrect. For recovery, see http://www.achaea.com/game/recover
[2026-06-21T14:24:16.876Z] [INFO] Connection closed - auto-reconnecting...
[2026-06-21T14:24:19.878Z] [SUCCESS] рЯФМ Connecting to achaea.com:23... (reading from .env)
[2026-06-21T14:24:19.976Z] [SUCCESS] вЬЕ Connected to achaea.com MUD
[2026-06-21T14:24:20.094Z] [INFO] рЯУ• MUD: пњљпњљпњљпњљпњљпњљпњљпњљпњљпњљпњљпњљVпњљпњљFпњљпњљRapture Runtime Environment v2.4.9.1 -- (c) 2026 -- Iron Realms Entertainment
[2026-06-21T14:24:20.099Z] [INFO] рЯУ• MUD: Multi-User License: 100-0000-000
[2026-06-21T14:24:20.104Z] [INFO] рЯУ• MUD: [0;37m           [34m******************************************[37m
[2026-06-21T14:24:20.108Z] [INFO] рЯУ• MUD:                  [32mAchaea, Dreams of Divine Lands[37m
[2026-06-21T14:24:20.112Z] [INFO] рЯУ• MUD:                  [36m"Your fate and fame shall be
[2026-06-21T14:24:20.118Z] [INFO] рЯУ• MUD:                an echo and a light unto eternity."
[2026-06-21T14:24:20.122Z] [INFO] рЯУ• MUD:            [34m******************************************[37m
[2026-06-21T14:24:20.126Z] [INFO] рЯУ• MUD:            Achaea's IP address is 50.31.100.8
[2026-06-21T14:24:20.130Z] [INFO] рЯУ• MUD:            For general questions e-mail support@achaea.com.
[2026-06-21T14:24:20.135Z] [INFO] рЯУ• MUD:            82 adventurers are currently in the realms.
[2026-06-21T14:24:20.139Z] [INFO] рЯУ• MUD:            [32m1.[37m Enter the game.
[2026-06-21T14:24:20.144Z] [INFO] рЯУ• MUD:            [32m2.[37m Create a new character.
[2026-06-21T14:24:20.149Z] [INFO] рЯУ• MUD:            [32m3.[37m Quit.
[2026-06-21T14:24:35.134Z] [INFO] рЯФН Searching memories for 7 queries
