=== MUD-AI SESSION STARTED: 2026-06-21T15:08:48.813Z ===
[2026-06-21T15:08:48.814Z] [SUCCESS] рЯУД Logs вЖТ C:\Users\medatech.si\mud - Copy\logs\2026-06-21T15-08-48
[2026-06-21T15:08:48.815Z] [SUCCESS] рЯЪА MUD-AI v0.6.25-debug-logging вАФ 4-Stage Thinking System + STRICT ReactвЖТThink + Dedicated Debug Log
[2026-06-21T15:08:48.822Z] [SUCCESS] Type !help or !connect вАФ Dedicated debug.log now active in run folder
[2026-06-21T15:08:54.738Z] [SUCCESS] рЯФР Login mode active for character: frostroot
[2026-06-21T15:08:55.195Z] [SUCCESS] рЯУ¶ Loaded 30 persistent memories
[2026-06-21T15:08:55.199Z] [SUCCESS] рЯФМ Connecting to achaea.com:23... (reading from .env)
[2026-06-21T15:08:55.203Z] [SUCCESS] вЬЕ Connected вАФ Strong imperative memory active from first THINK
[2026-06-21T15:08:55.296Z] [SUCCESS] вЬЕ Connected to achaea.com MUD
[2026-06-21T15:08:55.396Z] [INFO] рЯУ• MUD: пњљпњљпњљпњљпњљпњљпњљпњљпњљпњљVпњљпњљFпњљпњљRapture Runtime Environment v2.4.9.1 -- (c) 2026 -- Iron Realms Entertainment
[2026-06-21T15:08:55.402Z] [INFO] рЯУ• MUD: Multi-User License: 100-0000-000
[2026-06-21T15:08:55.407Z] [INFO] рЯУ• MUD: [0;37m           [34m******************************************[37m
[2026-06-21T15:08:55.411Z] [INFO] рЯУ• MUD:                  [32mAchaea, Dreams of Divine Lands[37m
[2026-06-21T15:08:55.417Z] [INFO] рЯУ• MUD:                  [36m"Your fate and fame shall be
[2026-06-21T15:08:55.422Z] [INFO] рЯУ• MUD:                an echo and a light unto eternity."
[2026-06-21T15:08:55.427Z] [INFO] рЯУ• MUD:            [34m******************************************[37m
[2026-06-21T15:08:55.432Z] [INFO] рЯУ• MUD:            Achaea's IP address is 50.31.100.8
[2026-06-21T15:08:55.434Z] [INFO] рЯУ• MUD:            For general questions e-mail support@achaea.com.
[2026-06-21T15:08:55.438Z] [INFO] рЯУ• MUD:            92 adventurers are currently in the realms.
[2026-06-21T15:08:55.443Z] [INFO] рЯУ• MUD:            [32m1.[37m Enter the game.
[2026-06-21T15:08:55.448Z] [INFO] рЯУ• MUD:            [32m2.[37m Create a new character.
[2026-06-21T15:08:55.454Z] [INFO] рЯУ• MUD:            [32m3.[37m Quit.
[2026-06-21T15:09:01.700Z] [SUCCESS] вЬЕ Sent: frostroot
[2026-06-21T15:09:01.829Z] [INFO] рЯУ• MUD: Enter an option or enter your character's name. пњљпњљпњљпњљWhat is your password?
[2026-06-21T15:09:10.063Z] [SUCCESS] вЬЕ Sent: frostroot
[2026-06-21T15:09:10.213Z] [INFO] рЯУ• MUD: > пњљпњљпњљпњљPassword incorrect. For recovery, see http://www.achaea.com/game/recover
[2026-06-21T15:09:10.218Z] [INFO] Connection closed - auto-reconnecting...
[2026-06-21T15:09:13.220Z] [SUCCESS] рЯФМ Connecting to achaea.com:23... (reading from .env)
[2026-06-21T15:09:13.318Z] [SUCCESS] вЬЕ Connected to achaea.com MUD
[2026-06-21T15:09:13.430Z] [INFO] рЯУ• MUD: пњљпњљпњљпњљпњљпњљпњљпњљпњљпњљпњљпњљVпњљпњљFпњљпњљRapture Runtime Environment v2.4.9.1 -- (c) 2026 -- Iron Realms Entertainment
[2026-06-21T15:09:13.435Z] [INFO] рЯУ• MUD: Multi-User License: 100-0000-000
[2026-06-21T15:09:13.439Z] [INFO] рЯУ• MUD: [0;37m           [34m******************************************[37m
[2026-06-21T15:09:13.443Z] [INFO] рЯУ• MUD:                  [32mAchaea, Dreams of Divine Lands[37m
[2026-06-21T15:09:13.445Z] [INFO] рЯУ• MUD:                  [36m"Your fate and fame shall be
[2026-06-21T15:09:13.450Z] [INFO] рЯУ• MUD:                an echo and a light unto eternity."
[2026-06-21T15:09:13.454Z] [INFO] рЯУ• MUD:            [34m******************************************[37m
[2026-06-21T15:09:13.459Z] [INFO] рЯУ• MUD:            Achaea's IP address is 50.31.100.8
[2026-06-21T15:09:13.461Z] [INFO] рЯУ• MUD:            For general questions e-mail support@achaea.com.
[2026-06-21T15:09:13.465Z] [INFO] рЯУ• MUD:            91 adventurers are currently in the realms.
[2026-06-21T15:09:13.470Z] [INFO] рЯУ• MUD:            [32m1.[37m Enter the game.
[2026-06-21T15:09:13.476Z] [INFO] рЯУ• MUD:            [32m2.[37m Create a new character.
[2026-06-21T15:09:13.482Z] [INFO] рЯУ• MUD:            [32m3.[37m Quit.
